#
# There is insufficient memory for the Java Runtime Environment to continue.
# Native memory allocation (mmap) failed to map 184549376 bytes for G1 virtual space
# Possible reasons:
#   The system is out of physical RAM or swap space
#   The process is running with CompressedOops enabled, and the Java Heap may be blocking the growth of the native heap
# Possible solutions:
#   Reduce memory load on the system
#   Increase physical memory or swap space
#   Check if swap backing store is full
#   Decrease Java heap size (-Xmx/-Xms)
#   Decrease number of Java threads
#   Decrease Java thread stack sizes (-Xss)
#   Set larger code cache with -XX:ReservedCodeCacheSize=
#   JVM is running with Zero Based Compressed Oops mode in which the Java heap is
#     placed in the first 32GB address space. The Java Heap base address is the
#     maximum limit for the native heap growth. Please use -XX:HeapBaseMinAddress
#     to set the Java Heap base and to place the Java Heap above 32GB virtual address.
# This output file may be truncated or incomplete.
#
#  Out of Memory Error (os_windows.cpp:3469), pid=1660, tid=12784
#
# JRE version:  (17.0.1+12) (build )
# Java VM: OpenJDK 64-Bit Server VM (17.0.1+12-39, mixed mode, sharing, tiered, compressed oops, compressed class ptrs, g1 gc, windows-amd64)
# No core dump will be written. Minidumps are not enabled by default on client versions of Windows
#

---------------  S U M M A R Y ------------

Command Line: -Dfile.encoding=UTF-8 -XX:+ShowCodeDetailsInExceptionMessages absint.Libreria

Host: AMD Ryzen 5 2500U with Radeon Vega Mobile Gfx  , 8 cores, 10G,  Windows 10 , 64 bit Build 19041 (10.0.19041.2251)
Time: Fri Nov 25 10:49:09 2022 Hora estándar central (México) elapsed time: 0.019016 seconds (0d 0h 0m 0s)

---------------  T H R E A D  ---------------

Current thread (0x000001dc455cd090):  JavaThread "Unknown thread" [_thread_in_vm, id=12784, stack(0x000000030aa00000,0x000000030ab00000)]

Stack: [0x000000030aa00000,0x000000030ab00000]
Native frames: (J=compiled Java code, j=interpreted, Vv=VM code, C=native code)
V  [jvm.dll+0x66fa1a]
V  [jvm.dll+0x7ce5a4]
V  [jvm.dll+0x7cfd4e]
V  [jvm.dll+0x7d03b3]
V  [jvm.dll+0x242b05]
V  [jvm.dll+0x66ca39]
V  [jvm.dll+0x661502]
V  [jvm.dll+0x30081b]
V  [jvm.dll+0x307da6]
V  [jvm.dll+0x357a1e]
V  [jvm.dll+0x357c4f]
V  [jvm.dll+0x2d7ad8]
V  [jvm.dll+0x2d8a44]
V  [jvm.dll+0x7a01e1]
V  [jvm.dll+0x365791]
V  [jvm.dll+0x77f6cc]
V  [jvm.dll+0x3e812f]
V  [jvm.dll+0x3e9bd1]
C  [jli.dll+0x527b]
C  [ucrtbase.dll+0x21bb2]
C  [KERNEL32.DLL+0x174b4]
C  [ntdll.dll+0x526a1]


---------------  P R O C E S S  ---------------

Threads class SMR info:
_java_thread_list=0x00007ffb1cf07818, length=0, elements={
}

Java Threads: ( => current thread )

Other Threads:
  0x000001dc4560bbf0 GCTaskThread "GC Thread#0" [stack: 0x000000030ab00000,0x000000030ac00000] [id=6388]
  0x000001dc4561ae00 ConcurrentGCThread "G1 Main Marker" [stack: 0x000000030ac00000,0x000000030ad00000] [id=7380]
  0x000001dc4561b810 ConcurrentGCThread "G1 Conc#0" [stack: 0x000000030ad00000,0x000000030ae00000] [id=13004]

[error occurred during error reporting (printing all threads), id 0xc0000005, EXCEPTION_ACCESS_VIOLATION (0xc0000005) at pc=0x00007ffb1c7584b7]

VM state: not at safepoint (not fully initialized)

VM Mutex/Monitor currently owned by a thread:  ([mutex/lock_event])
[0x000001dc455c5930] Heap_lock - owner thread: 0x000001dc455cd090

Heap address: 0x0000000751000000, size: 2800 MB, Compressed Oops mode: Zero based, Oop shift amount: 3

CDS archive(s) mapped at: [0x0000000000000000-0x0000000000000000-0x0000000000000000), size 0, SharedBaseAddress: 0x0000000800000000, ArchiveRelocationMode: 0.
Narrow klass base: 0x0000000000000000, Narrow klass shift: 0, Narrow klass range: 0x0

GC Precious Log:
<Empty>

Heap:
 garbage-first heap   total 0K, used 0K [0x0000000751000000, 0x0000000800000000)
  region size 2048K, 0 young (0K), 0 survivors (0K)

[error occurred during error reporting (printing heap information), id 0xc0000005, EXCEPTION_ACCESS_VIOLATION (0xc0000005) at pc=0x00007ffb1cb38d89]

GC Heap History (0 events):
No events

Deoptimization events (0 events):
No events

Classes unloaded (0 events):
No events

Classes redefined (0 events):
No events

Internal exceptions (0 events):
No events

VM Operations (0 events):
No events

Events (1 events):
Event: 0.010 Loaded shared library D:\Java\jdk-17.0.1\bin\java.dll


Dynamic libraries:
0x00007ff6ffd70000 - 0x00007ff6ffd7e000 	D:\Java\jdk-17.0.1\bin\javaw.exe
0x00007ffba32d0000 - 0x00007ffba34c8000 	C:\WINDOWS\SYSTEM32\ntdll.dll
0x00007ffba3020000 - 0x00007ffba30df000 	C:\WINDOWS\System32\KERNEL32.DLL
0x00007ffba0a20000 - 0x00007ffba0cf2000 	C:\WINDOWS\System32\KERNELBASE.dll
0x00007ffba0d00000 - 0x00007ffba0e00000 	C:\WINDOWS\System32\ucrtbase.dll
0x00007ffb9b810000 - 0x00007ffb9b82a000 	D:\Java\jdk-17.0.1\bin\VCRUNTIME140.dll
0x00007ffb9e160000 - 0x00007ffb9e178000 	D:\Java\jdk-17.0.1\bin\jli.dll
0x00007ffba2af0000 - 0x00007ffba2c8d000 	C:\WINDOWS\System32\USER32.dll
0x00007ffba0e00000 - 0x00007ffba0e22000 	C:\WINDOWS\System32\win32u.dll
0x00007ffba2a10000 - 0x00007ffba2a3b000 	C:\WINDOWS\System32\GDI32.dll
0x00007ffba1210000 - 0x00007ffba131f000 	C:\WINDOWS\System32\gdi32full.dll
0x00007ffb8ef70000 - 0x00007ffb8f20a000 	C:\WINDOWS\WinSxS\amd64_microsoft.windows.common-controls_6595b64144ccf1df_6.0.19041.1110_none_60b5254171f9507e\COMCTL32.dll
0x00007ffba0e30000 - 0x00007ffba0ecd000 	C:\WINDOWS\System32\msvcp_win.dll
0x00007ffba2a40000 - 0x00007ffba2ade000 	C:\WINDOWS\System32\msvcrt.dll
0x00007ffba20a0000 - 0x00007ffba20d2000 	C:\WINDOWS\System32\IMM32.DLL
0x00007ffb9c420000 - 0x00007ffb9c42c000 	D:\Java\jdk-17.0.1\bin\vcruntime140_1.dll
0x00007ffb69fd0000 - 0x00007ffb6a05d000 	D:\Java\jdk-17.0.1\bin\msvcp140.dll
0x00007ffb1c470000 - 0x00007ffb1d02e000 	D:\Java\jdk-17.0.1\bin\server\jvm.dll
0x00007ffba2960000 - 0x00007ffba2a0e000 	C:\WINDOWS\System32\ADVAPI32.dll
0x00007ffba1b70000 - 0x00007ffba1c0c000 	C:\WINDOWS\System32\sechost.dll
0x00007ffba20e0000 - 0x00007ffba2205000 	C:\WINDOWS\System32\RPCRT4.dll
0x00007ffba2cf0000 - 0x00007ffba2cf8000 	C:\WINDOWS\System32\PSAPI.DLL
0x00007ffb9ac80000 - 0x00007ffb9ac89000 	C:\WINDOWS\SYSTEM32\WSOCK32.dll
0x00007ffba30e0000 - 0x00007ffba314b000 	C:\WINDOWS\System32\WS2_32.dll
0x00007ffb95ae0000 - 0x00007ffb95b07000 	C:\WINDOWS\SYSTEM32\WINMM.dll
0x00007ffb9a660000 - 0x00007ffb9a66a000 	C:\WINDOWS\SYSTEM32\VERSION.dll
0x00007ffb9e890000 - 0x00007ffb9e8a2000 	C:\WINDOWS\SYSTEM32\kernel.appcore.dll
0x00007ffb99140000 - 0x00007ffb9914a000 	D:\Java\jdk-17.0.1\bin\jimage.dll
0x00007ffb8d140000 - 0x00007ffb8d324000 	C:\WINDOWS\SYSTEM32\DBGHELP.DLL
0x00007ffb8de40000 - 0x00007ffb8de6c000 	C:\WINDOWS\SYSTEM32\dbgcore.DLL
0x00007ffba0ed0000 - 0x00007ffba0f52000 	C:\WINDOWS\System32\bcryptPrimitives.dll
0x00007ffb951c0000 - 0x00007ffb951e5000 	D:\Java\jdk-17.0.1\bin\java.dll

dbghelp: loaded successfully - version: 4.0.5 - missing functions: none
symbol engine: initialized successfully - sym options: 0x614 - pdb path: .;D:\Java\jdk-17.0.1\bin;C:\WINDOWS\SYSTEM32;C:\WINDOWS\WinSxS\amd64_microsoft.windows.common-controls_6595b64144ccf1df_6.0.19041.1110_none_60b5254171f9507e;D:\Java\jdk-17.0.1\bin\server

VM Arguments:
jvm_args: -Dfile.encoding=UTF-8 -XX:+ShowCodeDetailsInExceptionMessages 
java_command: absint.Libreria
java_class_path (initial): C:\Users\juanm\Desktop\ProyectosXideral\Exámenes\Semana01\LibreriaPolimorfismo\bin
Launcher Type: SUN_STANDARD

[Global flags]
     intx CICompilerCount                          = 4                                         {product} {ergonomic}
     uint ConcGCThreads                            = 2                                         {product} {ergonomic}
     uint G1ConcRefinementThreads                  = 8                                         {product} {ergonomic}
   size_t G1HeapRegionSize                         = 2097152                                   {product} {ergonomic}
    uintx GCDrainStackTargetSize                   = 64                                        {product} {ergonomic}
   size_t InitialHeapSize                          = 184549376                                 {product} {ergonomic}
   size_t MarkStackSize                            = 4194304                                   {product} {ergonomic}
   size_t MaxHeapSize                              = 2936012800                                {product} {ergonomic}
   size_t MinHeapDeltaBytes                        = 2097152                                   {product} {ergonomic}
   size_t MinHeapSize                              = 8388608                                   {product} {ergonomic}
    uintx NonNMethodCodeHeapSize                   = 5839372                                {pd product} {ergonomic}
    uintx NonProfiledCodeHeapSize                  = 122909434                              {pd product} {ergonomic}
    uintx ProfiledCodeHeapSize                     = 122909434                              {pd product} {ergonomic}
    uintx ReservedCodeCacheSize                    = 251658240                              {pd product} {ergonomic}
     bool SegmentedCodeCache                       = true                                      {product} {ergonomic}
     bool ShowCodeDetailsInExceptionMessages       = true                                   {manageable} {command line}
   size_t SoftMaxHeapSize                          = 2936012800                             {manageable} {ergonomic}
     bool UseCompressedClassPointers               = true                           {product lp64_product} {ergonomic}
     bool UseCompressedOops                        = true                           {product lp64_product} {ergonomic}
     bool UseG1GC                                  = true                                      {product} {ergonomic}
     bool UseLargePagesIndividualAllocation        = false                                  {pd product} {ergonomic}

Logging:
Log output configuration:
 #0: stdout all=warning uptime,level,tags
 #1: stderr all=off uptime,level,tags

Environment Variables:
JAVA_HOME=D:\Java\jdk-17.0.1
PATH=D:/Java/jdk-17.0.1/bin/server;D:/Java/jdk-17.0.1/bin;C:\WINDOWS\system32;C:\WINDOWS;C:\WINDOWS\System32\Wbem;C:\WINDOWS\System32\WindowsPowerShell\v1.0\;C:\WINDOWS\System32\OpenSSH\;C:\Program Files\Git\cmd;C:\Program Files\Microsoft SQL Server\150\Tools\Binn\;C:\Program Files\Devart\EntityDeveloper\Console;C:\Program Files (x86)\HP\Common\HPDestPlgIn\;D:\Java\jdk-17.0.1\bin;C:\Users\juanm\AppData\Local\Microsoft\WindowsApps;C:\Program Files\JetBrains\IntelliJ IDEA Community Edition 2021.3\bin;;D:\Java\jdk-17.0.1\bin;C:\Program Files\Azure Data Studio\bin;C:\Program Files\Devart\EntityDeveloper\Console;C:\Program Files (x86)\HP\Common\HPDestPlgIn\;C:\WINDOWS\System32;
USERNAME=juanm
OS=Windows_NT
PROCESSOR_IDENTIFIER=AMD64 Family 23 Model 17 Stepping 0, AuthenticAMD



---------------  S Y S T E M  ---------------

OS:
 Windows 10 , 64 bit Build 19041 (10.0.19041.2251)
OS uptime: 3 days 1:59 hours

CPU: total 8 (initial active 8) (8 cores per cpu, 2 threads per core) family 23 model 17 stepping 0 microcode 0x0, cx8, cmov, fxsr, ht, mmx, 3dnowpref, sse, sse2, sse3, ssse3, sse4a, sse4.1, sse4.2, popcnt, lzcnt, tsc, tscinvbit, avx, avx2, aes, clmul, bmi1, bmi2, adx, sha, fma, vzeroupper, clflush, clflushopt

Memory: 4k page, system-wide physical 11198M (5147M free)
TotalPageFile size 13246M (AvailPageFile size 30M)
current process WorkingSet (physical memory assigned to process): 10M, peak: 10M
current process commit charge ("private bytes"): 59M, peak: 235M

vm_info: OpenJDK 64-Bit Server VM (17.0.1+12-39) for windows-amd64 JRE (17.0.1+12-39), built on Sep 27 2021 18:39:29 by "mach5one" with MS VC++ 16.8 (VS2019)

END.
